<?xml version="1.0" encoding="UTF-8"?>
<!-- Generated by org.testng.reporters.JUnitXMLReporter -->
<testsuite ignored="0" hostname="AR-IT20394" failures="0" tests="6" name="Test" time="42.949" errors="0" timestamp="2023-05-26T11:21:27 ART">
  <testcase classname="com.selenium.test.WikiTest" name="BusquedaConDiferentesIdiomasTDD" time="2.782"/>
  <testcase classname="com.selenium.test.WikiTest" name="BusquedaConDiferentesIdiomasTDD" time="2.789"/>
  <testcase classname="com.selenium.test.WikiTest" name="BusquedaConDiferentesIdiomasTDD" time="3.29"/>
  <testcase classname="com.selenium.test.WikiTest" name="BusquedaConDiferentesIdiomasTDD" time="1.01"/>
  <testcase classname="com.selenium.test.WikiTest" name="BusquedaConDiferentesIdiomasTDD" time="3.764"/>
  <testcase classname="com.selenium.test.WikiTest" name="BusquedaConDiferentesIdiomasTDD" time="2.805"/>
</testsuite> <!-- Test -->
