<?xml version="1.0" encoding="UTF-8"?>
<!-- Generated by org.testng.reporters.JUnitXMLReporter -->
<testsuite ignored="0" hostname="AR-IT20394" failures="10" tests="15" name="Test" time="91.017" errors="0" timestamp="2023-06-28T20:54:12 ART">
  <testcase classname="com.selenium.test.WikiTest2" name="Busqueda_Version_TDD_Excel" time="2.305"/>
  <testcase classname="com.selenium.test.WikiTest2" name="Busqueda_Version_TDD_Excel" time="2.328">
    <failure type="java.lang.AssertionError" message="expected [true] but found [false]">
      <![CDATA[java.lang.AssertionError: expected [true] but found [false]
at com.selenium.page.WikiHomePage.ingresarBusquedaV2(WikiHomePage.java:278)
at com.selenium.test.WikiTest2.Busqueda_Version_TDD_Excel(WikiTest2.java:86)
at java.base/java.util.ArrayList.forEach(ArrayList.java:1511)
... Removed 31 stack frames]]>
    </failure>
  </testcase> <!-- Busqueda_Version_TDD_Excel -->
  <testcase classname="com.selenium.test.WikiTest2" name="Busqueda_Version_TDD_Excel" time="2.354">
    <failure type="java.lang.AssertionError" message="expected [true] but found [false]">
      <![CDATA[java.lang.AssertionError: expected [true] but found [false]
at com.selenium.page.WikiHomePage.ingresarBusquedaV2(WikiHomePage.java:275)
at com.selenium.test.WikiTest2.Busqueda_Version_TDD_Excel(WikiTest2.java:86)
at java.base/java.util.ArrayList.forEach(ArrayList.java:1511)
... Removed 31 stack frames]]>
    </failure>
  </testcase> <!-- Busqueda_Version_TDD_Excel -->
  <testcase classname="com.selenium.test.WikiTest2" name="Busqueda_Version_TDD_Excel" time="2.325"/>
  <testcase classname="com.selenium.test.WikiTest2" name="Busqueda_Version_TDD_Excel" time="2.428">
    <failure type="java.lang.AssertionError" message="expected [true] but found [false]">
      <![CDATA[java.lang.AssertionError: expected [true] but found [false]
at com.selenium.page.WikiHomePage.ingresarBusquedaV2(WikiHomePage.java:278)
at com.selenium.test.WikiTest2.Busqueda_Version_TDD_Excel(WikiTest2.java:86)
at java.base/java.util.ArrayList.forEach(ArrayList.java:1511)
... Removed 31 stack frames]]>
    </failure>
  </testcase> <!-- Busqueda_Version_TDD_Excel -->
  <testcase classname="com.selenium.test.WikiTest2" name="Busqueda_Version_TDD_Excel" time="2.367">
    <failure type="java.lang.AssertionError" message="expected [true] but found [false]">
      <![CDATA[java.lang.AssertionError: expected [true] but found [false]
at com.selenium.page.WikiHomePage.ingresarBusquedaV2(WikiHomePage.java:275)
at com.selenium.test.WikiTest2.Busqueda_Version_TDD_Excel(WikiTest2.java:86)
at java.base/java.util.ArrayList.forEach(ArrayList.java:1511)
... Removed 31 stack frames]]>
    </failure>
  </testcase> <!-- Busqueda_Version_TDD_Excel -->
  <testcase classname="com.selenium.test.WikiTest2" name="Busqueda_Version_TDD_Excel" time="2.535"/>
  <testcase classname="com.selenium.test.WikiTest2" name="Busqueda_Version_TDD_Excel" time="2.38">
    <failure type="java.lang.AssertionError" message="expected [true] but found [false]">
      <![CDATA[java.lang.AssertionError: expected [true] but found [false]
at com.selenium.page.WikiHomePage.ingresarBusquedaV2(WikiHomePage.java:278)
at com.selenium.test.WikiTest2.Busqueda_Version_TDD_Excel(WikiTest2.java:86)
at java.base/java.util.ArrayList.forEach(ArrayList.java:1511)
... Removed 31 stack frames]]>
    </failure>
  </testcase> <!-- Busqueda_Version_TDD_Excel -->
  <testcase classname="com.selenium.test.WikiTest2" name="Busqueda_Version_TDD_Excel" time="2.603">
    <failure type="java.lang.AssertionError" message="expected [true] but found [false]">
      <![CDATA[java.lang.AssertionError: expected [true] but found [false]
at com.selenium.page.WikiHomePage.ingresarBusquedaV2(WikiHomePage.java:275)
at com.selenium.test.WikiTest2.Busqueda_Version_TDD_Excel(WikiTest2.java:86)
at java.base/java.util.ArrayList.forEach(ArrayList.java:1511)
... Removed 31 stack frames]]>
    </failure>
  </testcase> <!-- Busqueda_Version_TDD_Excel -->
  <testcase classname="com.selenium.test.WikiTest2" name="Busqueda_Version_TDD_Excel" time="2.396"/>
  <testcase classname="com.selenium.test.WikiTest2" name="Busqueda_Version_TDD_Excel" time="2.538">
    <failure type="java.lang.AssertionError" message="expected [true] but found [false]">
      <![CDATA[java.lang.AssertionError: expected [true] but found [false]
at com.selenium.page.WikiHomePage.ingresarBusquedaV2(WikiHomePage.java:278)
at com.selenium.test.WikiTest2.Busqueda_Version_TDD_Excel(WikiTest2.java:86)
at java.base/java.util.ArrayList.forEach(ArrayList.java:1511)
... Removed 31 stack frames]]>
    </failure>
  </testcase> <!-- Busqueda_Version_TDD_Excel -->
  <testcase classname="com.selenium.test.WikiTest2" name="Busqueda_Version_TDD_Excel" time="2.488">
    <failure type="java.lang.AssertionError" message="expected [true] but found [false]">
      <![CDATA[java.lang.AssertionError: expected [true] but found [false]
at com.selenium.page.WikiHomePage.ingresarBusquedaV2(WikiHomePage.java:275)
at com.selenium.test.WikiTest2.Busqueda_Version_TDD_Excel(WikiTest2.java:86)
at java.base/java.util.ArrayList.forEach(ArrayList.java:1511)
... Removed 31 stack frames]]>
    </failure>
  </testcase> <!-- Busqueda_Version_TDD_Excel -->
  <testcase classname="com.selenium.test.WikiTest2" name="Busqueda_Version_TDD_Excel" time="2.336"/>
  <testcase classname="com.selenium.test.WikiTest2" name="Busqueda_Version_TDD_Excel" time="2.363">
    <failure type="java.lang.AssertionError" message="expected [true] but found [false]">
      <![CDATA[java.lang.AssertionError: expected [true] but found [false]
at com.selenium.page.WikiHomePage.ingresarBusquedaV2(WikiHomePage.java:278)
at com.selenium.test.WikiTest2.Busqueda_Version_TDD_Excel(WikiTest2.java:86)
at java.base/java.util.ArrayList.forEach(ArrayList.java:1511)
... Removed 31 stack frames]]>
    </failure>
  </testcase> <!-- Busqueda_Version_TDD_Excel -->
  <testcase classname="com.selenium.test.WikiTest2" name="Busqueda_Version_TDD_Excel" time="2.39">
    <failure type="java.lang.AssertionError" message="expected [true] but found [false]">
      <![CDATA[java.lang.AssertionError: expected [true] but found [false]
at com.selenium.page.WikiHomePage.ingresarBusquedaV2(WikiHomePage.java:275)
at com.selenium.test.WikiTest2.Busqueda_Version_TDD_Excel(WikiTest2.java:86)
at java.base/java.util.ArrayList.forEach(ArrayList.java:1511)
... Removed 31 stack frames]]>
    </failure>
  </testcase> <!-- Busqueda_Version_TDD_Excel -->
</testsuite> <!-- Test -->
