<?xml version="1.0" encoding="UTF-8"?>
<!-- Generated by org.testng.reporters.JUnitXMLReporter -->
<testsuite ignored="0" hostname="AR-IT20394" failures="1" tests="1" name="WikiTestPom" time="0.113" errors="0" timestamp="2023-05-29T17:52:17 ART">
  <testcase classname="com.selenium.test.WikiHome1" name="ValidarVisualizacionAllElements" time="0.054">
    <failure type="java.lang.NullPointerException" message="Cannot invoke &amp;quot;org.openqa.selenium.SearchContext.findElement(org.openqa.selenium.By)&amp;quot; because &amp;quot;this.searchContext&amp;quot; is null">
      <![CDATA[java.lang.NullPointerException: Cannot invoke "org.openqa.selenium.SearchContext.findElement(org.openqa.selenium.By)" because "this.searchContext" is null
at org.openqa.selenium.support.pagefactory.DefaultElementLocator.findElement(DefaultElementLocator.java:70)
at org.openqa.selenium.support.pagefactory.internal.LocatingElementHandler.invoke(LocatingElementHandler.java:39)
at jdk.proxy2/jdk.proxy2.$Proxy9.isDisplayed(Unknown Source)
at com.selenium.page.WikiHomePage.searchInputSearch(WikiHomePage.java:59)
at com.selenium.test.WikiHome1.ValidarVisualizacionAllElements(WikiHome1.java:21)
at java.base/java.util.ArrayList.forEach(ArrayList.java:1511)
... Removed 27 stack frames]]>
    </failure>
  </testcase> <!-- ValidarVisualizacionAllElements -->
</testsuite> <!-- WikiTestPom -->
