<?xml version="1.0" encoding="UTF-8"?>
<!-- Generated by org.testng.reporters.JUnitXMLReporter -->
<testsuite ignored="0" hostname="AR-IT20394" failures="10" tests="15" name="Test" time="114.983" errors="0" timestamp="2023-06-28T17:03:36 ART">
  <testcase classname="com.selenium.test.WikiTest2" name="Busqueda_Version_TDD_Excel" time="2.458"/>
  <testcase classname="com.selenium.test.WikiTest2" name="Busqueda_Version_TDD_Excel" time="2.704">
    <failure type="java.lang.AssertionError" message="expected [true] but found [false]">
      <![CDATA[java.lang.AssertionError: expected [true] but found [false]
at com.selenium.page.WikiHomePage.ingresarBusquedaV2(WikiHomePage.java:278)
at com.selenium.test.WikiTest2.Busqueda_Version_TDD_Excel(WikiTest2.java:86)
at java.base/java.util.ArrayList.forEach(ArrayList.java:1541)
... Removed 35 stack frames]]>
    </failure>
  </testcase> <!-- Busqueda_Version_TDD_Excel -->
  <testcase classname="com.selenium.test.WikiTest2" name="Busqueda_Version_TDD_Excel" time="2.821">
    <failure type="java.lang.AssertionError" message="expected [true] but found [false]">
      <![CDATA[java.lang.AssertionError: expected [true] but found [false]
at com.selenium.page.WikiHomePage.ingresarBusquedaV2(WikiHomePage.java:275)
at com.selenium.test.WikiTest2.Busqueda_Version_TDD_Excel(WikiTest2.java:86)
at java.base/java.util.ArrayList.forEach(ArrayList.java:1541)
... Removed 35 stack frames]]>
    </failure>
  </testcase> <!-- Busqueda_Version_TDD_Excel -->
  <testcase classname="com.selenium.test.WikiTest2" name="Busqueda_Version_TDD_Excel" time="2.364"/>
  <testcase classname="com.selenium.test.WikiTest2" name="Busqueda_Version_TDD_Excel" time="2.479">
    <failure type="java.lang.AssertionError" message="expected [true] but found [false]">
      <![CDATA[java.lang.AssertionError: expected [true] but found [false]
at com.selenium.page.WikiHomePage.ingresarBusquedaV2(WikiHomePage.java:278)
at com.selenium.test.WikiTest2.Busqueda_Version_TDD_Excel(WikiTest2.java:86)
at java.base/java.util.ArrayList.forEach(ArrayList.java:1541)
... Removed 35 stack frames]]>
    </failure>
  </testcase> <!-- Busqueda_Version_TDD_Excel -->
  <testcase classname="com.selenium.test.WikiTest2" name="Busqueda_Version_TDD_Excel" time="2.626">
    <failure type="java.lang.AssertionError" message="expected [true] but found [false]">
      <![CDATA[java.lang.AssertionError: expected [true] but found [false]
at com.selenium.page.WikiHomePage.ingresarBusquedaV2(WikiHomePage.java:275)
at com.selenium.test.WikiTest2.Busqueda_Version_TDD_Excel(WikiTest2.java:86)
at java.base/java.util.ArrayList.forEach(ArrayList.java:1541)
... Removed 35 stack frames]]>
    </failure>
  </testcase> <!-- Busqueda_Version_TDD_Excel -->
  <testcase classname="com.selenium.test.WikiTest2" name="Busqueda_Version_TDD_Excel" time="2.716"/>
  <testcase classname="com.selenium.test.WikiTest2" name="Busqueda_Version_TDD_Excel" time="2.741">
    <failure type="java.lang.AssertionError" message="expected [true] but found [false]">
      <![CDATA[java.lang.AssertionError: expected [true] but found [false]
at com.selenium.page.WikiHomePage.ingresarBusquedaV2(WikiHomePage.java:278)
at com.selenium.test.WikiTest2.Busqueda_Version_TDD_Excel(WikiTest2.java:86)
at java.base/java.util.ArrayList.forEach(ArrayList.java:1541)
... Removed 35 stack frames]]>
    </failure>
  </testcase> <!-- Busqueda_Version_TDD_Excel -->
  <testcase classname="com.selenium.test.WikiTest2" name="Busqueda_Version_TDD_Excel" time="2.482">
    <failure type="java.lang.AssertionError" message="expected [true] but found [false]">
      <![CDATA[java.lang.AssertionError: expected [true] but found [false]
at com.selenium.page.WikiHomePage.ingresarBusquedaV2(WikiHomePage.java:275)
at com.selenium.test.WikiTest2.Busqueda_Version_TDD_Excel(WikiTest2.java:86)
at java.base/java.util.ArrayList.forEach(ArrayList.java:1541)
... Removed 35 stack frames]]>
    </failure>
  </testcase> <!-- Busqueda_Version_TDD_Excel -->
  <testcase classname="com.selenium.test.WikiTest2" name="Busqueda_Version_TDD_Excel" time="2.96"/>
  <testcase classname="com.selenium.test.WikiTest2" name="Busqueda_Version_TDD_Excel" time="2.494">
    <failure type="java.lang.AssertionError" message="expected [true] but found [false]">
      <![CDATA[java.lang.AssertionError: expected [true] but found [false]
at com.selenium.page.WikiHomePage.ingresarBusquedaV2(WikiHomePage.java:278)
at com.selenium.test.WikiTest2.Busqueda_Version_TDD_Excel(WikiTest2.java:86)
at java.base/java.util.ArrayList.forEach(ArrayList.java:1541)
... Removed 35 stack frames]]>
    </failure>
  </testcase> <!-- Busqueda_Version_TDD_Excel -->
  <testcase classname="com.selenium.test.WikiTest2" name="Busqueda_Version_TDD_Excel" time="2.539">
    <failure type="java.lang.AssertionError" message="expected [true] but found [false]">
      <![CDATA[java.lang.AssertionError: expected [true] but found [false]
at com.selenium.page.WikiHomePage.ingresarBusquedaV2(WikiHomePage.java:275)
at com.selenium.test.WikiTest2.Busqueda_Version_TDD_Excel(WikiTest2.java:86)
at java.base/java.util.ArrayList.forEach(ArrayList.java:1541)
... Removed 35 stack frames]]>
    </failure>
  </testcase> <!-- Busqueda_Version_TDD_Excel -->
  <testcase classname="com.selenium.test.WikiTest2" name="Busqueda_Version_TDD_Excel" time="2.708"/>
  <testcase classname="com.selenium.test.WikiTest2" name="Busqueda_Version_TDD_Excel" time="2.544">
    <failure type="java.lang.AssertionError" message="expected [true] but found [false]">
      <![CDATA[java.lang.AssertionError: expected [true] but found [false]
at com.selenium.page.WikiHomePage.ingresarBusquedaV2(WikiHomePage.java:278)
at com.selenium.test.WikiTest2.Busqueda_Version_TDD_Excel(WikiTest2.java:86)
at java.base/java.util.ArrayList.forEach(ArrayList.java:1541)
... Removed 35 stack frames]]>
    </failure>
  </testcase> <!-- Busqueda_Version_TDD_Excel -->
  <testcase classname="com.selenium.test.WikiTest2" name="Busqueda_Version_TDD_Excel" time="2.582">
    <failure type="java.lang.AssertionError" message="expected [true] but found [false]">
      <![CDATA[java.lang.AssertionError: expected [true] but found [false]
at com.selenium.page.WikiHomePage.ingresarBusquedaV2(WikiHomePage.java:275)
at com.selenium.test.WikiTest2.Busqueda_Version_TDD_Excel(WikiTest2.java:86)
at java.base/java.util.ArrayList.forEach(ArrayList.java:1541)
... Removed 35 stack frames]]>
    </failure>
  </testcase> <!-- Busqueda_Version_TDD_Excel -->
</testsuite> <!-- Test -->
