<?xml version="1.0" encoding="UTF-8"?>
<testsuite xmlns:xsi="http://www.w3.org/2001/XMLSchema-instance" xsi:noNamespaceSchemaLocation="https://maven.apache.org/surefire/maven-surefire-plugin/xsd/surefire-test-report.xsd" name="TestSuite" time="116.029" tests="15" errors="0" skipped="0" failures="10">
  <properties>
[...]
</properties>
  <testcase name="Busqueda_Version_TDD_Excel" classname="com.selenium.test.WikiTest2" time="2.461"/>
  <testcase name="Busqueda_Version_TDD_Excel" classname="com.selenium.test.WikiTest2" time="2.712">
    <failure message="expected [true] but found [false]" type="java.lang.AssertionError">java.lang.AssertionError: expected [true] but found [false]
	at com.selenium.test.WikiTest2.Busqueda_Version_TDD_Excel(WikiTest2.java:86)
</failure>
    <system-out><![CDATA[Cerrando Browser...
Abriendo Browser...
Ingresar idioma [en]
Ingresar valor de busqueda [Selenium]
Ingresamos ENTER
Idioma de URL actual [es]
Titulo resultado  [Selenium]
Comparamos los valores y validamos que coincidan
[COINCIDEN]
Validamos idioma previamente seleccionado y pasado por parametro
[NO COINCIDEN]
]]></system-out>
    <system-err><![CDATA[Starting Microsoft Edge WebDriver 114.0.1823.18 (8b9609669814d9cfea3542ea61f14425e1212100) on port 1381
To submit feedback, report a bug, or suggest new features, please visit https://github.com/MicrosoftEdge/EdgeWebDriver

Only local connections are allowed.
Please see https://aka.ms/WebDriverSecurity for suggestions on keeping Microsoft Edge WebDriver safe.

Microsoft Edge WebDriver was started successfully.
Jun 28, 2023 5:01:52 PM org.openqa.selenium.devtools.CdpVersionFinder findNearestMatch
WARNING: Unable to find an exact match for CDP version 114, so returning the closest version found: 113
]]></system-err>
  </testcase>
  <testcase name="Busqueda_Version_TDD_Excel" classname="com.selenium.test.WikiTest2" time="2.822">
    <failure message="expected [true] but found [false]" type="java.lang.AssertionError">java.lang.AssertionError: expected [true] but found [false]
	at com.selenium.test.WikiTest2.Busqueda_Version_TDD_Excel(WikiTest2.java:86)
</failure>
    <system-out><![CDATA[Cerrando Browser...
Abriendo Browser...
Ingresar idioma [pl]
Ingresar valor de busqueda [Selenium]
Ingresamos ENTER
Idioma de URL actual [pt]
Titulo resultado  [Selênio]
Comparamos los valores y validamos que coincidan
[NO COINCIDEN] [posee caracteres especiales, acentos, etc]
]]></system-out>
    <system-err><![CDATA[Starting Microsoft Edge WebDriver 114.0.1823.18 (8b9609669814d9cfea3542ea61f14425e1212100) on port 32566
To submit feedback, report a bug, or suggest new features, please visit https://github.com/MicrosoftEdge/EdgeWebDriver

Only local connections are allowed.
Please see https://aka.ms/WebDriverSecurity for suggestions on keeping Microsoft Edge WebDriver safe.

Microsoft Edge WebDriver was started successfully.
Jun 28, 2023 5:02:00 PM org.openqa.selenium.devtools.CdpVersionFinder findNearestMatch
WARNING: Unable to find an exact match for CDP version 114, so returning the closest version found: 113
]]></system-err>
  </testcase>
  <testcase name="Busqueda_Version_TDD_Excel" classname="com.selenium.test.WikiTest2" time="2.364"/>
  <testcase name="Busqueda_Version_TDD_Excel" classname="com.selenium.test.WikiTest2" time="2.479">
    <failure message="expected [true] but found [false]" type="java.lang.AssertionError">java.lang.AssertionError: expected [true] but found [false]
	at com.selenium.test.WikiTest2.Busqueda_Version_TDD_Excel(WikiTest2.java:86)
</failure>
    <system-out><![CDATA[Cerrando Browser...
Abriendo Browser...
Ingresar idioma [en]
Ingresar valor de busqueda [Selenium]
Ingresamos ENTER
Idioma de URL actual [es]
Titulo resultado  [Selenium]
Comparamos los valores y validamos que coincidan
[COINCIDEN]
Validamos idioma previamente seleccionado y pasado por parametro
[NO COINCIDEN]
]]></system-out>
    <system-err><![CDATA[Starting Microsoft Edge WebDriver 114.0.1823.18 (8b9609669814d9cfea3542ea61f14425e1212100) on port 31050
To submit feedback, report a bug, or suggest new features, please visit https://github.com/MicrosoftEdge/EdgeWebDriver

Only local connections are allowed.
Please see https://aka.ms/WebDriverSecurity for suggestions on keeping Microsoft Edge WebDriver safe.

Microsoft Edge WebDriver was started successfully.
Jun 28, 2023 5:02:15 PM org.openqa.selenium.devtools.CdpVersionFinder findNearestMatch
WARNING: Unable to find an exact match for CDP version 114, so returning the closest version found: 113
]]></system-err>
  </testcase>
  <testcase name="Busqueda_Version_TDD_Excel" classname="com.selenium.test.WikiTest2" time="2.626">
    <failure message="expected [true] but found [false]" type="java.lang.AssertionError">java.lang.AssertionError: expected [true] but found [false]
	at com.selenium.test.WikiTest2.Busqueda_Version_TDD_Excel(WikiTest2.java:86)
</failure>
    <system-out><![CDATA[Cerrando Browser...
Abriendo Browser...
Ingresar idioma [pl]
Ingresar valor de busqueda [Selenium]
Ingresamos ENTER
Idioma de URL actual [pt]
Titulo resultado  [Selênio]
Comparamos los valores y validamos que coincidan
[NO COINCIDEN] [posee caracteres especiales, acentos, etc]
]]></system-out>
    <system-err><![CDATA[Starting Microsoft Edge WebDriver 114.0.1823.18 (8b9609669814d9cfea3542ea61f14425e1212100) on port 33293
To submit feedback, report a bug, or suggest new features, please visit https://github.com/MicrosoftEdge/EdgeWebDriver

Only local connections are allowed.
Please see https://aka.ms/WebDriverSecurity for suggestions on keeping Microsoft Edge WebDriver safe.

Microsoft Edge WebDriver was started successfully.
Jun 28, 2023 5:02:22 PM org.openqa.selenium.devtools.CdpVersionFinder findNearestMatch
WARNING: Unable to find an exact match for CDP version 114, so returning the closest version found: 113
]]></system-err>
  </testcase>
  <testcase name="Busqueda_Version_TDD_Excel" classname="com.selenium.test.WikiTest2" time="2.716"/>
  <testcase name="Busqueda_Version_TDD_Excel" classname="com.selenium.test.WikiTest2" time="2.742">
    <failure message="expected [true] but found [false]" type="java.lang.AssertionError">java.lang.AssertionError: expected [true] but found [false]
	at com.selenium.test.WikiTest2.Busqueda_Version_TDD_Excel(WikiTest2.java:86)
</failure>
    <system-out><![CDATA[Cerrando Browser...
Abriendo Browser...
Ingresar idioma [en]
Ingresar valor de busqueda [Selenium]
Ingresamos ENTER
Idioma de URL actual [es]
Titulo resultado  [Selenium]
Comparamos los valores y validamos que coincidan
[COINCIDEN]
Validamos idioma previamente seleccionado y pasado por parametro
[NO COINCIDEN]
]]></system-out>
    <system-err><![CDATA[Starting Microsoft Edge WebDriver 114.0.1823.18 (8b9609669814d9cfea3542ea61f14425e1212100) on port 33031
To submit feedback, report a bug, or suggest new features, please visit https://github.com/MicrosoftEdge/EdgeWebDriver

Only local connections are allowed.
Please see https://aka.ms/WebDriverSecurity for suggestions on keeping Microsoft Edge WebDriver safe.

Microsoft Edge WebDriver was started successfully.
Jun 28, 2023 5:02:37 PM org.openqa.selenium.devtools.CdpVersionFinder findNearestMatch
WARNING: Unable to find an exact match for CDP version 114, so returning the closest version found: 113
]]></system-err>
  </testcase>
  <testcase name="Busqueda_Version_TDD_Excel" classname="com.selenium.test.WikiTest2" time="2.482">
    <failure message="expected [true] but found [false]" type="java.lang.AssertionError">java.lang.AssertionError: expected [true] but found [false]
	at com.selenium.test.WikiTest2.Busqueda_Version_TDD_Excel(WikiTest2.java:86)
</failure>
    <system-out><![CDATA[Cerrando Browser...
Abriendo Browser...
Ingresar idioma [pl]
Ingresar valor de busqueda [Selenium]
Ingresamos ENTER
Idioma de URL actual [pt]
Titulo resultado  [Selênio]
Comparamos los valores y validamos que coincidan
[NO COINCIDEN] [posee caracteres especiales, acentos, etc]
]]></system-out>
    <system-err><![CDATA[Starting Microsoft Edge WebDriver 114.0.1823.18 (8b9609669814d9cfea3542ea61f14425e1212100) on port 43275
To submit feedback, report a bug, or suggest new features, please visit https://github.com/MicrosoftEdge/EdgeWebDriver

Only local connections are allowed.
Please see https://aka.ms/WebDriverSecurity for suggestions on keeping Microsoft Edge WebDriver safe.

Microsoft Edge WebDriver was started successfully.
Jun 28, 2023 5:02:44 PM org.openqa.selenium.devtools.CdpVersionFinder findNearestMatch
WARNING: Unable to find an exact match for CDP version 114, so returning the closest version found: 113
]]></system-err>
  </testcase>
  <testcase name="Busqueda_Version_TDD_Excel" classname="com.selenium.test.WikiTest2" time="2.96"/>
  <testcase name="Busqueda_Version_TDD_Excel" classname="com.selenium.test.WikiTest2" time="2.494">
    <failure message="expected [true] but found [false]" type="java.lang.AssertionError">java.lang.AssertionError: expected [true] but found [false]
	at com.selenium.test.WikiTest2.Busqueda_Version_TDD_Excel(WikiTest2.java:86)
</failure>
    <system-out><![CDATA[Cerrando Browser...
Abriendo Browser...
Ingresar idioma [en]
Ingresar valor de busqueda [Selenium]
Ingresamos ENTER
Idioma de URL actual [es]
Titulo resultado  [Selenium]
Comparamos los valores y validamos que coincidan
[COINCIDEN]
Validamos idioma previamente seleccionado y pasado por parametro
[NO COINCIDEN]
]]></system-out>
    <system-err><![CDATA[Starting Microsoft Edge WebDriver 114.0.1823.18 (8b9609669814d9cfea3542ea61f14425e1212100) on port 25896
To submit feedback, report a bug, or suggest new features, please visit https://github.com/MicrosoftEdge/EdgeWebDriver

Only local connections are allowed.
Please see https://aka.ms/WebDriverSecurity for suggestions on keeping Microsoft Edge WebDriver safe.

Microsoft Edge WebDriver was started successfully.
Jun 28, 2023 5:03:00 PM org.openqa.selenium.devtools.CdpVersionFinder findNearestMatch
WARNING: Unable to find an exact match for CDP version 114, so returning the closest version found: 113
]]></system-err>
  </testcase>
  <testcase name="Busqueda_Version_TDD_Excel" classname="com.selenium.test.WikiTest2" time="2.54">
    <failure message="expected [true] but found [false]" type="java.lang.AssertionError">java.lang.AssertionError: expected [true] but found [false]
	at com.selenium.test.WikiTest2.Busqueda_Version_TDD_Excel(WikiTest2.java:86)
</failure>
    <system-out><![CDATA[Cerrando Browser...
Abriendo Browser...
Ingresar idioma [pl]
Ingresar valor de busqueda [Selenium]
Ingresamos ENTER
Idioma de URL actual [pt]
Titulo resultado  [Selênio]
Comparamos los valores y validamos que coincidan
[NO COINCIDEN] [posee caracteres especiales, acentos, etc]
]]></system-out>
    <system-err><![CDATA[Starting Microsoft Edge WebDriver 114.0.1823.18 (8b9609669814d9cfea3542ea61f14425e1212100) on port 9689
To submit feedback, report a bug, or suggest new features, please visit https://github.com/MicrosoftEdge/EdgeWebDriver

Only local connections are allowed.
Please see https://aka.ms/WebDriverSecurity for suggestions on keeping Microsoft Edge WebDriver safe.

Microsoft Edge WebDriver was started successfully.
Jun 28, 2023 5:03:07 PM org.openqa.selenium.devtools.CdpVersionFinder findNearestMatch
WARNING: Unable to find an exact match for CDP version 114, so returning the closest version found: 113
]]></system-err>
  </testcase>
  <testcase name="Busqueda_Version_TDD_Excel" classname="com.selenium.test.WikiTest2" time="2.708"/>
  <testcase name="Busqueda_Version_TDD_Excel" classname="com.selenium.test.WikiTest2" time="2.545">
    <failure message="expected [true] but found [false]" type="java.lang.AssertionError">java.lang.AssertionError: expected [true] but found [false]
	at com.selenium.test.WikiTest2.Busqueda_Version_TDD_Excel(WikiTest2.java:86)
</failure>
    <system-out><![CDATA[Cerrando Browser...
Abriendo Browser...
Ingresar idioma [en]
Ingresar valor de busqueda [Selenium]
Ingresamos ENTER
Idioma de URL actual [es]
Titulo resultado  [Selenium]
Comparamos los valores y validamos que coincidan
[COINCIDEN]
Validamos idioma previamente seleccionado y pasado por parametro
[NO COINCIDEN]
]]></system-out>
    <system-err><![CDATA[Starting Microsoft Edge WebDriver 114.0.1823.18 (8b9609669814d9cfea3542ea61f14425e1212100) on port 2171
To submit feedback, report a bug, or suggest new features, please visit https://github.com/MicrosoftEdge/EdgeWebDriver

Only local connections are allowed.
Please see https://aka.ms/WebDriverSecurity for suggestions on keeping Microsoft Edge WebDriver safe.

Microsoft Edge WebDriver was started successfully.
Jun 28, 2023 5:03:23 PM org.openqa.selenium.devtools.CdpVersionFinder findNearestMatch
WARNING: Unable to find an exact match for CDP version 114, so returning the closest version found: 113
]]></system-err>
  </testcase>
  <testcase name="Busqueda_Version_TDD_Excel" classname="com.selenium.test.WikiTest2" time="2.581">
    <failure message="expected [true] but found [false]" type="java.lang.AssertionError">java.lang.AssertionError: expected [true] but found [false]
	at com.selenium.test.WikiTest2.Busqueda_Version_TDD_Excel(WikiTest2.java:86)
</failure>
    <system-out><![CDATA[Cerrando Browser...
Abriendo Browser...
Ingresar idioma [pl]
Ingresar valor de busqueda [Selenium]
Ingresamos ENTER
Idioma de URL actual [pt]
Titulo resultado  [Selênio]
Comparamos los valores y validamos que coincidan
[NO COINCIDEN] [posee caracteres especiales, acentos, etc]
]]></system-out>
    <system-err><![CDATA[Starting Microsoft Edge WebDriver 114.0.1823.18 (8b9609669814d9cfea3542ea61f14425e1212100) on port 12160
To submit feedback, report a bug, or suggest new features, please visit https://github.com/MicrosoftEdge/EdgeWebDriver

Only local connections are allowed.
Please see https://aka.ms/WebDriverSecurity for suggestions on keeping Microsoft Edge WebDriver safe.

Microsoft Edge WebDriver was started successfully.
Jun 28, 2023 5:03:30 PM org.openqa.selenium.devtools.CdpVersionFinder findNearestMatch
WARNING: Unable to find an exact match for CDP version 114, so returning the closest version found: 113
]]></system-err>
  </testcase>
</testsuite>